<?xml version="1.0" encoding="UTF-8"?>
<testng-results ignored="0" total="1" passed="1" failed="0" skipped="0">
  <reporter-output>
  </reporter-output>
  <suite started-at="2024-09-24T19:00:30 IST" name="Suite" finished-at="2024-09-24T19:00:39 IST" duration-ms="9283">
    <groups>
    </groups>
    <test started-at="2024-09-24T19:00:30 IST" name="Test" finished-at="2024-09-24T19:00:39 IST" duration-ms="9283">
      <class name="main.MainclassFW">
        <test-method signature="myFirstTest()[pri:0, instance:main.MainclassFW@6e0f5f7f]" started-at="2024-09-24T19:00:30 IST" name="myFirstTest" finished-at="2024-09-24T19:00:39 IST" duration-ms="9221" status="PASS">
          <reporter-output>
          </reporter-output>
        </test-method> <!-- myFirstTest -->
      </class> <!-- main.MainclassFW -->
    </test> <!-- Test -->
  </suite> <!-- Suite -->
</testng-results>
